<?xml version="1.0" encoding="UTF-8"?>
<!-- Generated by org.testng.reporters.JUnitReportReporter -->
<testsuite skipped="1" hostname="DESKTOP-KBCH361" name="androidapp.NewTest" tests="1" failures="0" timestamp="12 二月 2019 02:32:23 GMT" time="0.000" errors="0">
  <testcase name="f" time="0.000" classname="androidapp.NewTest">
    <skipped/>
  </testcase> <!-- f -->
</testsuite> <!-- androidapp.NewTest -->
